Flow report for DE1-SoC
Mon Jul 19 20:27:16 2021
Quartus Prime Version 18.1.0 Build 625 09/12/2018 SJ Lite Edition


---------------------
; Table of Contents ;
---------------------
  1. Legal Notice
  2. Flow Summary
  3. Flow Settings
  4. Flow Non-Default Global Settings
  5. Flow Elapsed Time
  6. Flow OS Summary
  7. Flow Log
  8. Flow Messages
  9. Flow Suppressed Messages



----------------
; Legal Notice ;
----------------
Copyright (C) 2018  Intel Corporation. All rights reserved.
Your use of Intel Corporation's design tools, logic functions 
and other software and tools, and its AMPP partner logic 
functions, and any output files from any of the foregoing 
(including device programming or simulation files), and any 
associated documentation or information are expressly subject 
to the terms and conditions of the Intel Program License 
Subscription Agreement, the Intel Quartus Prime License Agreement,
the Intel FPGA IP License Agreement, or other applicable license
agreement, including, without limitation, that your use is for
the sole purpose of programming logic devices manufactured by
Intel and sold by Intel or its authorized distributors.  Please
refer to the applicable agreement for further details.



+-------------------------------------------------------------------------------+
; Flow Summary                                                                  ;
+---------------------------------+---------------------------------------------+
; Flow Status                     ; Successful - Mon Jul 19 20:27:16 2021       ;
; Quartus Prime Version           ; 18.1.0 Build 625 09/12/2018 SJ Lite Edition ;
; Revision Name                   ; DE1-SoC                                     ;
; Top-level Entity Name           ; DE1_SoC_top                                 ;
; Family                          ; Cyclone V                                   ;
; Device                          ; 5CSEMA5F31C6                                ;
; Timing Models                   ; Final                                       ;
; Logic utilization (in ALMs)     ; 566 / 32,070 ( 2 % )                        ;
; Total registers                 ; 951                                         ;
; Total pins                      ; 233 / 457 ( 51 % )                          ;
; Total virtual pins              ; 0                                           ;
; Total block memory bits         ; 1,024 / 4,065,280 ( < 1 % )                 ;
; Total DSP Blocks                ; 0 / 87 ( 0 % )                              ;
; Total HSSI RX PCSs              ; 0                                           ;
; Total HSSI PMA RX Deserializers ; 0                                           ;
; Total HSSI TX PCSs              ; 0                                           ;
; Total HSSI PMA TX Serializers   ; 0                                           ;
; Total PLLs                      ; 0 / 6 ( 0 % )                               ;
; Total DLLs                      ; 1 / 4 ( 25 % )                              ;
+---------------------------------+---------------------------------------------+


+-----------------------------------------+
; Flow Settings                           ;
+-------------------+---------------------+
; Option            ; Setting             ;
+-------------------+---------------------+
; Start date & time ; 07/19/2021 20:23:16 ;
; Main task         ; Compilation         ;
; Revision Name     ; DE1-SoC             ;
+-------------------+---------------------+


+------------------------------------------------------------------------------------------------------------------------------------------------------------------------------+
; Flow Non-Default Global Settings                                                                                                                                             ;
+---------------------------------------+-----------------------------------------------------------------------+---------------+-----------------------------+----------------+
; Assignment Name                       ; Value                                                                 ; Default Value ; Entity Name                 ; Section Id     ;
+---------------------------------------+-----------------------------------------------------------------------+---------------+-----------------------------+----------------+
; COMPILER_SIGNATURE_ID                 ; 108051527956612.162671899414963                                       ; --            ; --                          ; --             ;
; ECO_REGENERATE_REPORT                 ; On                                                                    ; Off           ; --                          ; --             ;
; EDA_OUTPUT_DATA_FORMAT                ; Vhdl                                                                  ; --            ; --                          ; eda_simulation ;
; EDA_SIMULATION_TOOL                   ; ModelSim-Altera (VHDL)                                                ; <None>        ; --                          ; --             ;
; EDA_TIME_SCALE                        ; 1 ps                                                                  ; --            ; --                          ; eda_simulation ;
; HPS_ISW_FILE                          ; DE1_SoC/synthesis/submodules/sequencer/emif.pre.xml                   ; --            ; DE1_SoC_hps_0_hps_io_border ; --             ;
; HPS_ISW_FILE                          ; DE1_SoC/synthesis/submodules/sequencer/tclrpt.pre.c                   ; --            ; DE1_SoC_hps_0_hps_io_border ; --             ;
; HPS_ISW_FILE                          ; DE1_SoC/synthesis/submodules/sequencer/tclrpt.pre.h                   ; --            ; DE1_SoC_hps_0_hps_io_border ; --             ;
; HPS_ISW_FILE                          ; DE1_SoC/synthesis/submodules/sequencer/sequencer.pre.c                ; --            ; DE1_SoC_hps_0_hps_io_border ; --             ;
; HPS_ISW_FILE                          ; DE1_SoC/synthesis/submodules/sequencer/sequencer.pre.h                ; --            ; DE1_SoC_hps_0_hps_io_border ; --             ;
; HPS_ISW_FILE                          ; DE1_SoC/synthesis/submodules/sequencer/sdram_io.pre.h                 ; --            ; DE1_SoC_hps_0_hps_io_border ; --             ;
; HPS_ISW_FILE                          ; DE1_SoC/synthesis/submodules/sequencer/system.pre.h                   ; --            ; DE1_SoC_hps_0_hps_io_border ; --             ;
; HPS_ISW_FILE                          ; DE1_SoC/synthesis/submodules/sequencer/alt_types.pre.h                ; --            ; DE1_SoC_hps_0_hps_io_border ; --             ;
; HPS_ISW_FILE                          ; DE1_SoC/synthesis/submodules/sequencer/sequencer_defines.pre.h        ; --            ; DE1_SoC_hps_0_hps_io_border ; --             ;
; HPS_ISW_FILE                          ; DE1_SoC/synthesis/submodules/sequencer/sequencer_auto_ac_init.pre.c   ; --            ; DE1_SoC_hps_0_hps_io_border ; --             ;
; HPS_ISW_FILE                          ; DE1_SoC/synthesis/submodules/sequencer/sequencer_auto.pre.h           ; --            ; DE1_SoC_hps_0_hps_io_border ; --             ;
; HPS_ISW_FILE                          ; DE1_SoC/synthesis/submodules/sequencer/sequencer_auto_inst_init.pre.c ; --            ; DE1_SoC_hps_0_hps_io_border ; --             ;
; HPS_ISW_FILE                          ; DE1_SoC/synthesis/submodules/hps.pre.xml                              ; --            ; DE1_SoC_hps_0_hps_io_border ; --             ;
; HPS_PARTITION                         ; On                                                                    ; --            ; DE1_SoC_hps_0_hps_io_border ; --             ;
; MAX_CORE_JUNCTION_TEMP                ; 85                                                                    ; --            ; --                          ; --             ;
; MIN_CORE_JUNCTION_TEMP                ; 0                                                                     ; --            ; --                          ; --             ;
; MISC_FILE                             ; DE1_SoC/synthesis/../DE1_SoC.cmp                                      ; --            ; --                          ; --             ;
; MISC_FILE                             ; DE1_SoC/synthesis/DE1_SoC_hps_0_hps.svd                               ; --            ; --                          ; --             ;
; MISC_FILE                             ; DE1_SoC/synthesis/../../DE1_SoC.qsys                                  ; --            ; --                          ; --             ;
; MISC_FILE                             ; DE1_SoC/synthesis/submodules/sequencer/emif.pre.xml                   ; --            ; --                          ; --             ;
; MISC_FILE                             ; DE1_SoC/synthesis/submodules/sequencer/tclrpt.pre.c                   ; --            ; --                          ; --             ;
; MISC_FILE                             ; DE1_SoC/synthesis/submodules/sequencer/tclrpt.pre.h                   ; --            ; --                          ; --             ;
; MISC_FILE                             ; DE1_SoC/synthesis/submodules/sequencer/sequencer.pre.c                ; --            ; --                          ; --             ;
; MISC_FILE                             ; DE1_SoC/synthesis/submodules/sequencer/sequencer.pre.h                ; --            ; --                          ; --             ;
; MISC_FILE                             ; DE1_SoC/synthesis/submodules/sequencer/sdram_io.pre.h                 ; --            ; --                          ; --             ;
; MISC_FILE                             ; DE1_SoC/synthesis/submodules/sequencer/system.pre.h                   ; --            ; --                          ; --             ;
; MISC_FILE                             ; DE1_SoC/synthesis/submodules/sequencer/alt_types.pre.h                ; --            ; --                          ; --             ;
; MISC_FILE                             ; DE1_SoC/synthesis/submodules/sequencer/sequencer_defines.pre.h        ; --            ; --                          ; --             ;
; MISC_FILE                             ; DE1_SoC/synthesis/submodules/sequencer/sequencer_auto_ac_init.pre.c   ; --            ; --                          ; --             ;
; MISC_FILE                             ; DE1_SoC/synthesis/submodules/sequencer/sequencer_auto.pre.h           ; --            ; --                          ; --             ;
; MISC_FILE                             ; DE1_SoC/synthesis/submodules/sequencer/sequencer_auto_inst_init.pre.c ; --            ; --                          ; --             ;
; MISC_FILE                             ; DE1_SoC/synthesis/submodules/hps.pre.xml                              ; --            ; --                          ; --             ;
; PARTITION_COLOR                       ; -- (Not supported for targeted family)                                ; --            ; DE1_SoC_top                 ; Top            ;
; PARTITION_FITTER_PRESERVATION_LEVEL   ; -- (Not supported for targeted family)                                ; --            ; DE1_SoC_top                 ; Top            ;
; PARTITION_NETLIST_TYPE                ; -- (Not supported for targeted family)                                ; --            ; DE1_SoC_top                 ; Top            ;
; POWER_BOARD_THERMAL_MODEL             ; None (CONSERVATIVE)                                                   ; --            ; --                          ; --             ;
; POWER_PRESET_COOLING_SOLUTION         ; 23 MM HEAT SINK WITH 200 LFPM AIRFLOW                                 ; --            ; --                          ; --             ;
; PROJECT_OUTPUT_DIRECTORY              ; output_files                                                          ; --            ; --                          ; --             ;
; SLD_FILE                              ; DE1_SoC/synthesis/DE1_SoC.regmap                                      ; --            ; --                          ; --             ;
; SLD_FILE                              ; DE1_SoC/synthesis/DE1_SoC.debuginfo                                   ; --            ; --                          ; --             ;
; SLD_INFO                              ; QSYS_NAME DE1_SoC HAS_SOPCINFO 1 GENERATION_ID 1626718956             ; --            ; DE1_SoC                     ; --             ;
; SOPCINFO_FILE                         ; DE1_SoC/synthesis/../../DE1_SoC.sopcinfo                              ; --            ; --                          ; --             ;
; SYNTHESIS_ONLY_QIP                    ; On                                                                    ; --            ; --                          ; --             ;
; TOP_LEVEL_ENTITY                      ; DE1_SoC_top                                                           ; DE1-SoC       ; --                          ; --             ;
; USE_DLL_FREQUENCY_FOR_DQS_DELAY_CHAIN ; On                                                                    ; Off           ; --                          ; --             ;
+---------------------------------------+-----------------------------------------------------------------------+---------------+-----------------------------+----------------+


+--------------------------------------------------------------------------------------------------------------------------+
; Flow Elapsed Time                                                                                                        ;
+----------------------+--------------+-------------------------+---------------------+------------------------------------+
; Module Name          ; Elapsed Time ; Average Processors Used ; Peak Virtual Memory ; Total CPU Time (on all processors) ;
+----------------------+--------------+-------------------------+---------------------+------------------------------------+
; Analysis & Synthesis ; 00:00:18     ; 1.0                     ; 1398 MB             ; 00:00:37                           ;
; Fitter               ; 00:00:44     ; 1.2                     ; 4068 MB             ; 00:02:04                           ;
; Assembler            ; 00:00:06     ; 1.0                     ; 994 MB              ; 00:00:06                           ;
; Timing Analyzer      ; 00:00:17     ; 1.3                     ; 1819 MB             ; 00:00:20                           ;
; EDA Netlist Writer   ; 00:00:03     ; 1.0                     ; 1206 MB             ; 00:00:03                           ;
; Total                ; 00:01:28     ; --                      ; --                  ; 00:03:10                           ;
+----------------------+--------------+-------------------------+---------------------+------------------------------------+


+----------------------------------------------------------------------------------------+
; Flow OS Summary                                                                        ;
+----------------------+------------------+----------------+------------+----------------+
; Module Name          ; Machine Hostname ; OS Name        ; OS Version ; Processor type ;
+----------------------+------------------+----------------+------------+----------------+
; Analysis & Synthesis ; nicolas-MS-7C35  ; Ubuntu 20.04.2 ; 20         ; x86_64         ;
; Fitter               ; nicolas-MS-7C35  ; Ubuntu 20.04.2 ; 20         ; x86_64         ;
; Assembler            ; nicolas-MS-7C35  ; Ubuntu 20.04.2 ; 20         ; x86_64         ;
; Timing Analyzer      ; nicolas-MS-7C35  ; Ubuntu 20.04.2 ; 20         ; x86_64         ;
; EDA Netlist Writer   ; nicolas-MS-7C35  ; Ubuntu 20.04.2 ; 20         ; x86_64         ;
+----------------------+------------------+----------------+------------+----------------+


------------
; Flow Log ;
------------
quartus_map --read_settings_files=on --write_settings_files=off DE1-SoC -c DE1-SoC
quartus_fit --read_settings_files=off --write_settings_files=off DE1-SoC -c DE1-SoC
quartus_asm --read_settings_files=off --write_settings_files=off DE1-SoC -c DE1-SoC
quartus_sta DE1-SoC -c DE1-SoC
quartus_eda --read_settings_files=off --write_settings_files=off DE1-SoC -c DE1-SoC



